# JRE version: Java(TM) SE Runtime Environment (8.0_31-b13) (build 1.8.0_31-b13)
# Java VM: Java HotSpot(TM) 64-Bit Server VM (25.31-b07 mixed mode windows-amd64 compressed oops)
Heap:
 PSYoungGen      total 221184K, used 197359K [0x00000000eab00000, 0x0000000100000000, 0x0000000100000000)
  eden space 140800K, 100% used [0x00000000eab00000,0x00000000f3480000,0x00000000f3480000)
  from space 80384K, 70% used [0x00000000f3480000,0x00000000f6bbbd78,0x00000000f8300000)
  to   space 83456K, 0% used [0x00000000fae80000,0x00000000faecd128,0x0000000100000000)
 ParOldGen       total 163328K, used 72995K [0x00000000c0000000, 0x00000000c9f80000, 0x00000000eab00000)
  object space 163328K, 44% used [0x00000000c0000000,0x00000000c4748da0,0x00000000c9f80000)
 Metaspace       used 5764K, capacity 7024K, committed 7296K, reserved 1056768K
  class space    used 549K, capacity 616K, committed 640K, reserved 1048576K
GC Heap History (10 events):
Event: 28.580 GC heap before
{Heap before GC invocations=8 (full 2):
 PSYoungGen      total 99840K, used 96256K [0x00000000eab00000, 0x00000000fa780000, 0x0000000100000000)
  eden space 96256K, 100% used [0x00000000eab00000,0x00000000f0900000,0x00000000f0900000)
  from space 3584K, 0% used [0x00000000f0900000,0x00000000f0900000,0x00000000f0c80000)
  to   space 37376K, 0% used [0x00000000f8300000,0x00000000f8300000,0x00000000fa780000)
 ParOldGen       total 120832K, used 52779K [0x00000000c0000000, 0x00000000c7600000, 0x00000000eab00000)
  object space 120832K, 43% used [0x00000000c0000000,0x00000000c338afd8,0x00000000c7600000)
 Metaspace       used 5601K, capacity 6832K, committed 7040K, reserved 1056768K
  class space    used 549K, capacity 616K, committed 640K, reserved 1048576K
Event: 28.971 GC heap after
Heap after GC invocations=8 (full 2):
 PSYoungGen      total 199168K, used 37367K [0x00000000eab00000, 0x00000000fa900000, 0x0000000100000000)
  eden space 161792K, 0% used [0x00000000eab00000,0x00000000eab00000,0x00000000f4900000)
  from space 37376K, 99% used [0x00000000f8300000,0x00000000fa77dfb0,0x00000000fa780000)
  to   space 49152K, 0% used [0x00000000f4900000,0x00000000f4900000,0x00000000f7900000)
 ParOldGen       total 120832K, used 62942K [0x00000000c0000000, 0x00000000c7600000, 0x00000000eab00000)
  object space 120832K, 52% used [0x00000000c0000000,0x00000000c3d77b48,0x00000000c7600000)
 Metaspace       used 5601K, capacity 6832K, committed 7040K, reserved 1056768K
  class space    used 549K, capacity 616K, committed 640K, reserved 1048576K
}
Event: 38.818 GC heap before
{Heap before GC invocations=9 (full 2):
 PSYoungGen      total 199168K, used 199159K [0x00000000eab00000, 0x00000000fa900000, 0x0000000100000000)
  eden space 161792K, 100% used [0x00000000eab00000,0x00000000f4900000,0x00000000f4900000)
  from space 37376K, 99% used [0x00000000f8300000,0x00000000fa77dfb0,0x00000000fa780000)
  to   space 49152K, 0% used [0x00000000f4900000,0x00000000f4900000,0x00000000f7900000)
 ParOldGen       total 120832K, used 62942K [0x00000000c0000000, 0x00000000c7600000, 0x00000000eab00000)
  object space 120832K, 52% used [0x00000000c0000000,0x00000000c3d77b48,0x00000000c7600000)
 Metaspace       used 5691K, capacity 6960K, committed 7040K, reserved 1056768K
  class space    used 549K, capacity 616K, committed 640K, reserved 1048576K
Event: 39.234 GC heap after
Heap after GC invocations=9 (full 2):
 PSYoungGen      total 210944K, used 49139K [0x00000000eab00000, 0x00000000fa900000, 0x0000000100000000)
  eden space 161792K, 0% used [0x00000000eab00000,0x00000000eab00000,0x00000000f4900000)
  from space 49152K, 99% used [0x00000000f4900000,0x00000000f78fcdb8,0x00000000f7900000)
  to   space 37376K, 0% used [0x00000000f8300000,0x00000000f8300000,0x00000000fa780000)
 ParOldGen       total 120832K, used 65647K [0x00000000c0000000, 0x00000000c7600000, 0x00000000eab00000)
  object space 120832K, 54% used [0x00000000c0000000,0x00000000c401bec8,0x00000000c7600000)
 Metaspace       used 5691K, capacity 6960K, committed 7040K, reserved 1056768K
  class space    used 549K, capacity 616K, committed 640K, reserved 1048576K
}
Event: 43.247 GC heap before
{Heap before GC invocations=10 (full 2):
 PSYoungGen      total 210944K, used 210931K [0x00000000eab00000, 0x00000000fa900000, 0x0000000100000000)
  eden space 161792K, 100% used [0x00000000eab00000,0x00000000f4900000,0x00000000f4900000)
  from space 49152K, 99% used [0x00000000f4900000,0x00000000f78fcdb8,0x00000000f7900000)
  to   space 37376K, 0% used [0x00000000f8300000,0x00000000f8300000,0x00000000fa780000)
 ParOldGen       total 120832K, used 65647K [0x00000000c0000000, 0x00000000c7600000, 0x00000000eab00000)
  object space 120832K, 54% used [0x00000000c0000000,0x00000000c401bec8,0x00000000c7600000)
 Metaspace       used 5695K, capacity 6960K, committed 7040K, reserved 1056768K
  class space    used 549K, capacity 616K, committed 640K, reserved 1048576K
Event: 43.323 GC heap after
Heap after GC invocations=10 (full 2):
 PSYoungGen      total 178176K, used 37362K [0x00000000eab00000, 0x0000000100000000, 0x0000000100000000)
  eden space 140800K, 0% used [0x00000000eab00000,0x00000000eab00000,0x00000000f3480000)
  from space 37376K, 99% used [0x00000000f8300000,0x00000000fa77c970,0x00000000fa780000)
  to   space 80384K, 0% used [0x00000000f3480000,0x00000000f3480000,0x00000000f8300000)
 ParOldGen       total 120832K, used 116613K [0x00000000c0000000, 0x00000000c7600000, 0x00000000eab00000)
  object space 120832K, 96% used [0x00000000c0000000,0x00000000c71e1490,0x00000000c7600000)
 Metaspace       used 5695K, capacity 6960K, committed 7040K, reserved 1056768K
  class space    used 549K, capacity 616K, committed 640K, reserved 1048576K
}
Event: 43.323 GC heap before
{Heap before GC invocations=11 (full 3):
 PSYoungGen      total 178176K, used 37362K [0x00000000eab00000, 0x0000000100000000, 0x0000000100000000)
  eden space 140800K, 0% used [0x00000000eab00000,0x00000000eab00000,0x00000000f3480000)
  from space 37376K, 99% used [0x00000000f8300000,0x00000000fa77c970,0x00000000fa780000)
  to   space 80384K, 0% used [0x00000000f3480000,0x00000000f3480000,0x00000000f8300000)
 ParOldGen       total 120832K, used 116613K [0x00000000c0000000, 0x00000000c7600000, 0x00000000eab00000)
  object space 120832K, 96% used [0x00000000c0000000,0x00000000c71e1490,0x00000000c7600000)
 Metaspace       used 5695K, capacity 6960K, committed 7040K, reserved 1056768K
  class space    used 549K, capacity 616K, committed 640K, reserved 1048576K
Event: 44.020 GC heap after
Heap after GC invocations=11 (full 3):
 PSYoungGen      total 178176K, used 0K [0x00000000eab00000, 0x0000000100000000, 0x0000000100000000)
  eden space 140800K, 0% used [0x00000000eab00000,0x00000000eab00000,0x00000000f3480000)
  from space 37376K, 0% used [0x00000000f8300000,0x00000000f8300000,0x00000000fa780000)
  to   space 80384K, 0% used [0x00000000f3480000,0x00000000f3480000,0x00000000f8300000)
 ParOldGen       total 163328K, used 72995K [0x00000000c0000000, 0x00000000c9f80000, 0x00000000eab00000)
  object space 163328K, 44% used [0x00000000c0000000,0x00000000c4748da0,0x00000000c9f80000)
 Metaspace       used 5695K, capacity 6960K, committed 7040K, reserved 1056768K
  class space    used 549K, capacity 616K, committed 640K, reserved 1048576K
}
Event: 46.566 GC heap before
{Heap before GC invocations=12 (full 3):
 PSYoungGen      total 178176K, used 140800K [0x00000000eab00000, 0x0000000100000000, 0x0000000100000000)
  eden space 140800K, 100% used [0x00000000eab00000,0x00000000f3480000,0x00000000f3480000)
  from space 37376K, 0% used [0x00000000f8300000,0x00000000f8300000,0x00000000fa780000)
  to   space 80384K, 0% used [0x00000000f3480000,0x00000000f3480000,0x00000000f8300000)
 ParOldGen       total 163328K, used 72995K [0x00000000c0000000, 0x00000000c9f80000, 0x00000000eab00000)
  object space 163328K, 44% used [0x00000000c0000000,0x00000000c4748da0,0x00000000c9f80000)
 Metaspace       used 5703K, capacity 6960K, committed 7040K, reserved 1056768K
  class space    used 549K, capacity 616K, committed 640K, reserved 1048576K
Event: 46.840 GC heap after
Heap after GC invocations=12 (full 3):
 PSYoungGen      total 221184K, used 56559K [0x00000000eab00000, 0x0000000100000000, 0x0000000100000000)
  eden space 140800K, 0% used [0x00000000eab00000,0x00000000eab00000,0x00000000f3480000)
  from space 80384K, 70% used [0x00000000f3480000,0x00000000f6bbbd78,0x00000000f8300000)
  to   space 83456K, 0% used [0x00000000fae80000,0x00000000fae80000,0x0000000100000000)
 ParOldGen       total 163328K, used 72995K [0x00000000c0000000, 0x00000000c9f80000, 0x00000000eab00000)
  object space 163328K, 44% used [0x00000000c0000000,0x00000000c4748da0,0x00000000c9f80000)
 Metaspace       used 5703K, capacity 6960K, committed 7040K, reserved 1056768K
  class space    used 549K, capacity 616K, committed 640K, reserved 1048576K
}

